SHELL=/bin/bash
SESSION_MANAGER=local/cosmo-desktop:@/tmp/.ICE-unix/1251,unix/cosmo-desktop:/tmp/.ICE-unix/1251
WINDOWID=100217538937264
COLORTERM=truecolor
XDG_CONFIG_DIRS=/home/cosmo/.config/kdedefaults:/etc/xdg
XDG_SESSION_PATH=/org/freedesktop/DisplayManager/Session0
XDG_MENU_PREFIX=plasma-
CONDA_EXE=/opt/miniconda3/bin/conda
_CE_M=
ICEAUTHORITY=/run/user/1000/iceauth_CJozul
LC_ADDRESS=en_CA.UTF-8
LC_NAME=en_CA.UTF-8
MEMORY_PRESSURE_WRITE=c29tZSAyMDAwMDAgMjAwMDAwMAA=
DESKTOP_SESSION=plasma
LC_MONETARY=en_CA.UTF-8
GTK_RC_FILES=/etc/gtk/gtkrc:/home/cosmo/.gtkrc:/home/cosmo/.config/gtkrc
EDITOR=nano
XDG_SEAT=seat0
PWD=/home/cosmo/OneDrive/study/projects/antialexa-v2
XDG_SESSION_DESKTOP=KDE
LOGNAME=cosmo
XDG_SESSION_TYPE=wayland
SYSTEMD_EXEC_PID=1298
XAUTHORITY=/run/user/1000/xauth_WdoCMg
MOTD_SHOWN=pam
GTK2_RC_FILES=/etc/gtk-2.0/gtkrc:/home/cosmo/.gtkrc-2.0:/home/cosmo/.config/gtkrc-2.0
HOME=/home/cosmo
LC_PAPER=en_CA.UTF-8
LANG=en_CA.UTF-8
XDG_CURRENT_DESKTOP=KDE
MEMORY_PRESSURE_WATCH=/sys/fs/cgroup/user.slice/user-1000.slice/user@1000.service/session.slice/plasma-plasmashell.service/memory.pressure
WAYLAND_DISPLAY=wayland-0
XDG_SEAT_PATH=/org/freedesktop/DisplayManager/Seat0
CRYPTOGRAPHY_OPENSSL_NO_LEGACY=1
INVOCATION_ID=6e36b9d7336f4c1eb49a547713fee262
MANAGERPID=1043
KDE_SESSION_UID=1000
ALACRITTY_SOCKET=/run/user/1000/Alacritty-wayland-0-18900.sock
XKB_DEFAULT_LAYOUT=us
XDG_SESSION_CLASS=user
TERM=alacritty
LC_IDENTIFICATION=en_CA.UTF-8
_CE_CONDA=
USER=cosmo
CONDA_SHLVL=0
QT_WAYLAND_RECONNECT=1
KDE_SESSION_VERSION=6
DISPLAY=:1
SHLVL=3
LC_TELEPHONE=en_CA.UTF-8
LC_MEASUREMENT=en_CA.UTF-8
XDG_VTNR=1
XDG_SESSION_ID=1
CONDA_PYTHON_EXE=/opt/miniconda3/bin/python
XDG_RUNTIME_DIR=/run/user/1000
DEBUGINFOD_URLS=https://debuginfod.archlinux.org 
LC_TIME=en_CA.UTF-8
QT_AUTO_SCREEN_SCALE_FACTOR=0
JOURNAL_STREAM=9:16258
KDE_FULL_SESSION=true
BROWSER=firefox
PATH=/opt/miniconda3/condabin:/usr/local/sbin:/usr/local/bin:/usr/bin:/usr/lib/jvm/default/bin:/opt/rocm-6.1.3/bin:/opt/rocm-6.1.3/hip/bin:/usr/bin/site_perl:/usr/bin/vendor_perl:/usr/bin/core_perl:/home/cosmo/.local/bin
ALACRITTY_LOG=/tmp/Alacritty-18900.log
DBUS_SESSION_BUS_ADDRESS=unix:path=/run/user/1000/bus
KDE_APPLICATIONS_AS_SCOPE=1
HG=/usr/bin/hg
MAIL=/var/spool/mail/cosmo
ALACRITTY_WINDOW_ID=100217538937264
LC_NUMERIC=en_CA.UTF-8
OLDPWD=/home/cosmo/OneDrive/study/projects
_=/usr/bin/env
SHELL=/bin/bash
LC_ADDRESS=en_CA.UTF-8
LC_NAME=en_CA.UTF-8
LC_MONETARY=en_CA.UTF-8
PWD=/home/cosmo
LOGNAME=cosmo
HOME=/home/cosmo
LC_PAPER=en_CA.UTF-8
LANG=en_CA.UTF-8
LC_IDENTIFICATION=en_CA.UTF-8
USER=cosmo
SHLVL=2
LC_TELEPHONE=en_CA.UTF-8
LC_MEASUREMENT=en_CA.UTF-8
XDG_RUNTIME_DIR=/run/user/1000
DEBUGINFOD_URLS=https://debuginfod.archlinux.org 
LC_TIME=en_CA.UTF-8
PATH=/usr/local/sbin:/usr/local/bin:/usr/bin:/usr/lib/jvm/default/bin:/opt/rocm-6.1.3/bin:/opt/rocm-6.1.3/hip/bin:/usr/bin/site_perl:/usr/bin/vendor_perl:/usr/bin/core_perl
HG=/usr/bin/hg
LC_NUMERIC=en_CA.UTF-8
_=/usr/bin/env
